{"D:\\BackUp\\programing projects\\GlassRadar\\frontend\\src\\accessControl.ts": {"path":"D:\\BackUp\\programing projects\\GlassRadar\\frontend\\src\\accessControl.ts","statementMap":{"0":{"start":{"line":4,"column":60},"end":{"line":31,"column":null}},"1":{"start":{"line":6,"column":4},"end":{"line":8,"column":null}},"2":{"start":{"line":7,"column":6},"end":{"line":7,"column":null}},"3":{"start":{"line":10,"column":4},"end":{"line":27,"column":null}},"4":{"start":{"line":13,"column":24},"end":{"line":13,"column":null}},"5":{"start":{"line":15,"column":6},"end":{"line":17,"column":null}},"6":{"start":{"line":16,"column":8},"end":{"line":16,"column":null}},"7":{"start":{"line":19,"column":6},"end":{"line":21,"column":null}},"8":{"start":{"line":20,"column":8},"end":{"line":20,"column":null}},"9":{"start":{"line":23,"column":6},"end":{"line":26,"column":null}},"10":{"start":{"line":29,"column":4},"end":{"line":29,"column":null}}},"fnMap":{"0":{"name":"(anonymous_0)","decl":{"start":{"line":5,"column":7},"end":{"line":5,"column":14}},"loc":{"start":{"line":5,"column":39},"end":{"line":30,"column":null}},"line":5}},"branchMap":{"0":{"loc":{"start":{"line":6,"column":4},"end":{"line":8,"column":null}},"type":"if","locations":[{"start":{"line":6,"column":4},"end":{"line":8,"column":null}},{"start":{},"end":{}}],"line":6},"1":{"loc":{"start":{"line":10,"column":4},"end":{"line":27,"column":null}},"type":"if","locations":[{"start":{"line":10,"column":4},"end":{"line":27,"column":null}},{"start":{},"end":{}}],"line":10},"2":{"loc":{"start":{"line":15,"column":6},"end":{"line":17,"column":null}},"type":"if","locations":[{"start":{"line":15,"column":6},"end":{"line":17,"column":null}},{"start":{},"end":{}}],"line":15},"3":{"loc":{"start":{"line":19,"column":6},"end":{"line":21,"column":null}},"type":"if","locations":[{"start":{"line":19,"column":6},"end":{"line":21,"column":null}},{"start":{},"end":{}}],"line":19}},"s":{"0":1,"1":4,"2":1,"3":3,"4":3,"5":3,"6":1,"7":3,"8":2,"9":1,"10":0},"f":{"0":4},"b":{"0":[1,3],"1":[3,0],"2":[1,2],"3":[2,1]},"meta":{"lastBranch":4,"lastFunction":1,"lastStatement":11,"seen":{"s:4:60:31:Infinity":0,"f:5:7:5:14":0,"b:6:4:8:Infinity:undefined:undefined:undefined:undefined":0,"s:6:4:8:Infinity":1,"s:7:6:7:Infinity":2,"b:10:4:27:Infinity:undefined:undefined:undefined:undefined":1,"s:10:4:27:Infinity":3,"s:13:24:13:Infinity":4,"b:15:6:17:Infinity:undefined:undefined:undefined:undefined":2,"s:15:6:17:Infinity":5,"s:16:8:16:Infinity":6,"b:19:6:21:Infinity:undefined:undefined:undefined:undefined":3,"s:19:6:21:Infinity":7,"s:20:8:20:Infinity":8,"s:23:6:26:Infinity":9,"s:29:4:29:Infinity":10}}}
,"D:\\BackUp\\programing projects\\GlassRadar\\frontend\\src\\authProvider.ts": {"path":"D:\\BackUp\\programing projects\\GlassRadar\\frontend\\src\\authProvider.ts","statementMap":{"0":{"start":{"line":6,"column":42},"end":{"line":151,"column":null}},"1":{"start":{"line":8,"column":4},"end":{"line":23,"column":null}},"2":{"start":{"line":9,"column":6},"end":{"line":9,"column":null}},"3":{"start":{"line":10,"column":6},"end":{"line":13,"column":null}},"4":{"start":{"line":15,"column":38},"end":{"line":15,"column":null}},"5":{"start":{"line":16,"column":6},"end":{"line":22,"column":null}},"6":{"start":{"line":26,"column":4},"end":{"line":33,"column":null}},"7":{"start":{"line":27,"column":6},"end":{"line":27,"column":null}},"8":{"start":{"line":29,"column":6},"end":{"line":32,"column":null}},"9":{"start":{"line":35,"column":4},"end":{"line":38,"column":null}},"10":{"start":{"line":41,"column":4},"end":{"line":71,"column":null}},"11":{"start":{"line":42,"column":12},"end":{"line":42,"column":null}},"12":{"start":{"line":43,"column":6},"end":{"line":43,"column":null}},"13":{"start":{"line":46,"column":6},"end":{"line":56,"column":null}},"14":{"start":{"line":58,"column":6},"end":{"line":61,"column":null}},"15":{"start":{"line":63,"column":38},"end":{"line":63,"column":null}},"16":{"start":{"line":64,"column":6},"end":{"line":70,"column":null}},"17":{"start":{"line":74,"column":4},"end":{"line":74,"column":null}},"18":{"start":{"line":75,"column":4},"end":{"line":75,"column":null}},"19":{"start":{"line":78,"column":4},"end":{"line":93,"column":null}},"20":{"start":{"line":79,"column":22},"end":{"line":79,"column":null}},"21":{"start":{"line":81,"column":6},"end":{"line":85,"column":null}},"22":{"start":{"line":82,"column":8},"end":{"line":84,"column":null}},"23":{"start":{"line":87,"column":6},"end":{"line":92,"column":null}},"24":{"start":{"line":95,"column":4},"end":{"line":103,"column":null}},"25":{"start":{"line":106,"column":4},"end":{"line":119,"column":null}},"26":{"start":{"line":107,"column":21},"end":{"line":107,"column":null}},"27":{"start":{"line":108,"column":30},"end":{"line":112,"column":null}},"28":{"start":{"line":114,"column":8},"end":{"line":116,"column":null}},"29":{"start":{"line":115,"column":12},"end":{"line":115,"column":null}},"30":{"start":{"line":118,"column":8},"end":{"line":118,"column":null}},"31":{"start":{"line":120,"column":4},"end":{"line":120,"column":null}},"32":{"start":{"line":123,"column":4},"end":{"line":149,"column":null}},"33":{"start":{"line":124,"column":21},"end":{"line":124,"column":null}},"34":{"start":{"line":125,"column":30},"end":{"line":129,"column":null}},"35":{"start":{"line":131,"column":8},"end":{"line":140,"column":null}},"36":{"start":{"line":132,"column":28},"end":{"line":132,"column":null}},"37":{"start":{"line":133,"column":12},"end":{"line":139,"column":null}},"38":{"start":{"line":142,"column":8},"end":{"line":145,"column":null}},"39":{"start":{"line":147,"column":8},"end":{"line":147,"column":null}},"40":{"start":{"line":148,"column":8},"end":{"line":148,"column":null}}},"fnMap":{"0":{"name":"(anonymous_0)","decl":{"start":{"line":7,"column":9},"end":{"line":7,"column":16}},"loc":{"start":{"line":7,"column":40},"end":{"line":24,"column":null}},"line":7},"1":{"name":"(anonymous_1)","decl":{"start":{"line":25,"column":10},"end":{"line":25,"column":22}},"loc":{"start":{"line":25,"column":22},"end":{"line":39,"column":null}},"line":25},"2":{"name":"(anonymous_2)","decl":{"start":{"line":40,"column":12},"end":{"line":40,"column":19}},"loc":{"start":{"line":40,"column":49},"end":{"line":72,"column":null}},"line":40},"3":{"name":"(anonymous_3)","decl":{"start":{"line":73,"column":11},"end":{"line":73,"column":18}},"loc":{"start":{"line":73,"column":28},"end":{"line":76,"column":null}},"line":73},"4":{"name":"(anonymous_4)","decl":{"start":{"line":77,"column":9},"end":{"line":77,"column":21}},"loc":{"start":{"line":77,"column":21},"end":{"line":104,"column":null}},"line":77},"5":{"name":"(anonymous_5)","decl":{"start":{"line":105,"column":18},"end":{"line":105,"column":30}},"loc":{"start":{"line":105,"column":30},"end":{"line":121,"column":null}},"line":105},"6":{"name":"(anonymous_6)","decl":{"start":{"line":122,"column":15},"end":{"line":122,"column":27}},"loc":{"start":{"line":122,"column":27},"end":{"line":150,"column":null}},"line":122}},"branchMap":{"0":{"loc":{"start":{"line":81,"column":6},"end":{"line":85,"column":null}},"type":"if","locations":[{"start":{"line":81,"column":6},"end":{"line":85,"column":null}},{"start":{},"end":{}}],"line":81},"1":{"loc":{"start":{"line":114,"column":8},"end":{"line":116,"column":null}},"type":"if","locations":[{"start":{"line":114,"column":8},"end":{"line":116,"column":null}},{"start":{},"end":{}}],"line":114},"2":{"loc":{"start":{"line":131,"column":8},"end":{"line":140,"column":null}},"type":"if","locations":[{"start":{"line":131,"column":8},"end":{"line":140,"column":null}},{"start":{},"end":{}}],"line":131}},"s":{"0":1,"1":2,"2":2,"3":1,"4":1,"5":1,"6":1,"7":1,"8":0,"9":1,"10":0,"11":0,"12":0,"13":0,"14":0,"15":0,"16":0,"17":0,"18":0,"19":2,"20":2,"21":1,"22":1,"23":1,"24":0,"25":1,"26":1,"27":1,"28":1,"29":1,"30":0,"31":0,"32":1,"33":1,"34":1,"35":1,"36":1,"37":1,"38":0,"39":0,"40":0},"f":{"0":2,"1":1,"2":0,"3":0,"4":2,"5":1,"6":1},"b":{"0":[1,0],"1":[1,0],"2":[1,0]},"meta":{"lastBranch":3,"lastFunction":7,"lastStatement":41,"seen":{"s:6:42:151:Infinity":0,"f:7:9:7:16":0,"s:8:4:23:Infinity":1,"s:9:6:9:Infinity":2,"s:10:6:13:Infinity":3,"s:15:38:15:Infinity":4,"s:16:6:22:Infinity":5,"f:25:10:25:22":1,"s:26:4:33:Infinity":6,"s:27:6:27:Infinity":7,"s:29:6:32:Infinity":8,"s:35:4:38:Infinity":9,"f:40:12:40:19":2,"s:41:4:71:Infinity":10,"s:42:12:42:Infinity":11,"s:43:6:43:Infinity":12,"s:46:6:56:Infinity":13,"s:58:6:61:Infinity":14,"s:63:38:63:Infinity":15,"s:64:6:70:Infinity":16,"f:73:11:73:18":3,"s:74:4:74:Infinity":17,"s:75:4:75:Infinity":18,"f:77:9:77:21":4,"s:78:4:93:Infinity":19,"s:79:22:79:Infinity":20,"b:81:6:85:Infinity:undefined:undefined:undefined:undefined":0,"s:81:6:85:Infinity":21,"s:82:8:84:Infinity":22,"s:87:6:92:Infinity":23,"s:95:4:103:Infinity":24,"f:105:18:105:30":5,"s:106:4:119:Infinity":25,"s:107:21:107:Infinity":26,"s:108:30:112:Infinity":27,"b:114:8:116:Infinity:undefined:undefined:undefined:undefined":1,"s:114:8:116:Infinity":28,"s:115:12:115:Infinity":29,"s:118:8:118:Infinity":30,"s:120:4:120:Infinity":31,"f:122:15:122:27":6,"s:123:4:149:Infinity":32,"s:124:21:124:Infinity":33,"s:125:30:129:Infinity":34,"b:131:8:140:Infinity:undefined:undefined:undefined:undefined":2,"s:131:8:140:Infinity":35,"s:132:28:132:Infinity":36,"s:133:12:139:Infinity":37,"s:142:8:145:Infinity":38,"s:147:8:147:Infinity":39,"s:148:8:148:Infinity":40}}}
,"D:\\BackUp\\programing projects\\GlassRadar\\frontend\\src\\components\\chat\\ChatWindow.tsx": {"path":"D:\\BackUp\\programing projects\\GlassRadar\\frontend\\src\\components\\chat\\ChatWindow.tsx","statementMap":{"0":{"start":{"line":12,"column":53},"end":{"line":124,"column":null}},"1":{"start":{"line":13,"column":30},"end":{"line":13,"column":null}},"2":{"start":{"line":14,"column":27},"end":{"line":14,"column":null}},"3":{"start":{"line":15,"column":10},"end":{"line":15,"column":null}},"4":{"start":{"line":17,"column":18},"end":{"line":36,"column":null}},"5":{"start":{"line":38,"column":32},"end":{"line":38,"column":null}},"6":{"start":{"line":40,"column":54},"end":{"line":42,"column":null}},"7":{"start":{"line":44,"column":23},"end":{"line":59,"column":null}},"8":{"start":{"line":45,"column":8},"end":{"line":45,"column":null}},"9":{"start":{"line":45,"column":42},"end":{"line":45,"column":null}},"10":{"start":{"line":47,"column":8},"end":{"line":57,"column":null}},"11":{"start":{"line":58,"column":8},"end":{"line":58,"column":null}},"12":{"start":{"line":61,"column":4},"end":{"line":65,"column":null}},"13":{"start":{"line":62,"column":8},"end":{"line":64,"column":null}},"14":{"start":{"line":63,"column":12},"end":{"line":63,"column":null}},"15":{"start":{"line":68,"column":8},"end":{"line":107,"column":null}},"16":{"start":{"line":79,"column":28},"end":{"line":84,"column":null}},"17":{"start":{"line":94,"column":37},"end":{"line":94,"column":null}},"18":{"start":{"line":111,"column":4},"end":{"line":113,"column":null}},"19":{"start":{"line":112,"column":8},"end":{"line":112,"column":null}},"20":{"start":{"line":115,"column":4},"end":{"line":122,"column":null}}},"fnMap":{"0":{"name":"(anonymous_0)","decl":{"start":{"line":12,"column":53},"end":{"line":12,"column":54}},"loc":{"start":{"line":12,"column":99},"end":{"line":124,"column":null}},"line":12},"1":{"name":"(anonymous_1)","decl":{"start":{"line":44,"column":23},"end":{"line":44,"column":29}},"loc":{"start":{"line":44,"column":29},"end":{"line":59,"column":null}},"line":44},"2":{"name":"(anonymous_2)","decl":{"start":{"line":61,"column":14},"end":{"line":61,"column":20}},"loc":{"start":{"line":61,"column":20},"end":{"line":65,"column":7}},"line":61},"3":{"name":"(anonymous_3)","decl":{"start":{"line":78,"column":36},"end":{"line":78,"column":37}},"loc":{"start":{"line":79,"column":28},"end":{"line":84,"column":null}},"line":79},"4":{"name":"(anonymous_4)","decl":{"start":{"line":94,"column":30},"end":{"line":94,"column":31}},"loc":{"start":{"line":94,"column":37},"end":{"line":94,"column":null}},"line":94}},"branchMap":{"0":{"loc":{"start":{"line":12,"column":56},"end":{"line":12,"column":77}},"type":"default-arg","locations":[{"start":{"line":12,"column":66},"end":{"line":12,"column":77}}],"line":12},"1":{"loc":{"start":{"line":12,"column":77},"end":{"line":12,"column":93}},"type":"default-arg","locations":[{"start":{"line":12,"column":86},"end":{"line":12,"column":93}}],"line":12},"2":{"loc":{"start":{"line":45,"column":8},"end":{"line":45,"column":null}},"type":"if","locations":[{"start":{"line":45,"column":8},"end":{"line":45,"column":null}},{"start":{},"end":{}}],"line":45},"3":{"loc":{"start":{"line":45,"column":12},"end":{"line":45,"column":42}},"type":"binary-expr","locations":[{"start":{"line":45,"column":12},"end":{"line":45,"column":31}},{"start":{"line":45,"column":31},"end":{"line":45,"column":42}}],"line":45},"4":{"loc":{"start":{"line":53,"column":28},"end":{"line":53,"column":null}},"type":"binary-expr","locations":[{"start":{"line":53,"column":28},"end":{"line":53,"column":45}},{"start":{"line":53,"column":45},"end":{"line":53,"column":null}}],"line":53},"5":{"loc":{"start":{"line":62,"column":8},"end":{"line":64,"column":null}},"type":"if","locations":[{"start":{"line":62,"column":8},"end":{"line":64,"column":null}},{"start":{},"end":{}}],"line":62},"6":{"loc":{"start":{"line":73,"column":17},"end":{"line":86,"column":null}},"type":"cond-expr","locations":[{"start":{"line":74,"column":20},"end":{"line":74,"column":null}},{"start":{"line":76,"column":20},"end":{"line":86,"column":null}}],"line":73},"7":{"loc":{"start":{"line":111,"column":4},"end":{"line":113,"column":null}},"type":"if","locations":[{"start":{"line":111,"column":4},"end":{"line":113,"column":null}},{"start":{},"end":{}}],"line":111}},"s":{"0":1,"1":1,"2":1,"3":1,"4":1,"5":1,"6":1,"7":1,"8":0,"9":0,"10":0,"11":0,"12":1,"13":1,"14":1,"15":1,"16":1,"17":0,"18":1,"19":0,"20":1},"f":{"0":1,"1":0,"2":1,"3":1,"4":0},"b":{"0":[1],"1":[1],"2":[0,0],"3":[0,0],"4":[0,0],"5":[1,0],"6":[0,1],"7":[0,1]},"meta":{"lastBranch":8,"lastFunction":5,"lastStatement":21,"seen":{"s:12:53:124:Infinity":0,"f:12:53:12:54":0,"b:12:66:12:77":0,"b:12:86:12:93":1,"s:13:30:13:Infinity":1,"s:14:27:14:Infinity":2,"s:15:10:15:Infinity":3,"s:17:18:36:Infinity":4,"s:38:32:38:Infinity":5,"s:40:54:42:Infinity":6,"s:44:23:59:Infinity":7,"f:44:23:44:29":1,"b:45:8:45:Infinity:undefined:undefined:undefined:undefined":2,"s:45:8:45:Infinity":8,"b:45:12:45:31:45:31:45:42":3,"s:45:42:45:Infinity":9,"s:47:8:57:Infinity":10,"b:53:28:53:45:53:45:53:Infinity":4,"s:58:8:58:Infinity":11,"s:61:4:65:Infinity":12,"f:61:14:61:20":2,"b:62:8:64:Infinity:undefined:undefined:undefined:undefined":5,"s:62:8:64:Infinity":13,"s:63:12:63:Infinity":14,"s:68:8:107:Infinity":15,"b:74:20:74:Infinity:76:20:86:Infinity":6,"f:78:36:78:37":3,"s:79:28:84:Infinity":16,"f:94:30:94:31":4,"s:94:37:94:Infinity":17,"b:111:4:113:Infinity:undefined:undefined:undefined:undefined":7,"s:111:4:113:Infinity":18,"s:112:8:112:Infinity":19,"s:115:4:122:Infinity":20}}}
,"D:\\BackUp\\programing projects\\GlassRadar\\frontend\\src\\components\\chat\\MessageItem.tsx": {"path":"D:\\BackUp\\programing projects\\GlassRadar\\frontend\\src\\components\\chat\\MessageItem.tsx","statementMap":{"0":{"start":{"line":6,"column":17},"end":{"line":6,"column":null}},"1":{"start":{"line":15,"column":51},"end":{"line":40,"column":null}},"2":{"start":{"line":21,"column":4},"end":{"line":38,"column":null}}},"fnMap":{"0":{"name":"(anonymous_0)","decl":{"start":{"line":15,"column":51},"end":{"line":15,"column":52}},"loc":{"start":{"line":20,"column":6},"end":{"line":40,"column":null}},"line":20}},"branchMap":{"0":{"loc":{"start":{"line":28,"column":36},"end":{"line":28,"column":null}},"type":"binary-expr","locations":[{"start":{"line":28,"column":36},"end":{"line":28,"column":63}},{"start":{"line":28,"column":63},"end":{"line":28,"column":null}}],"line":28}},"s":{"0":2,"1":2,"2":2},"f":{"0":2},"b":{"0":[2,0]},"meta":{"lastBranch":1,"lastFunction":1,"lastStatement":3,"seen":{"s:6:17:6:Infinity":0,"s:15:51:40:Infinity":1,"f:15:51:15:52":0,"s:21:4:38:Infinity":2,"b:28:36:28:63:28:63:28:Infinity":0}}}
,"D:\\BackUp\\programing projects\\GlassRadar\\frontend\\src\\pages\\login\\index.tsx": {"path":"D:\\BackUp\\programing projects\\GlassRadar\\frontend\\src\\pages\\login\\index.tsx","statementMap":{"0":{"start":{"line":3,"column":25},"end":{"line":12,"column":null}},"1":{"start":{"line":4,"column":2},"end":{"line":10,"column":null}}},"fnMap":{"0":{"name":"(anonymous_0)","decl":{"start":{"line":3,"column":25},"end":{"line":3,"column":31}},"loc":{"start":{"line":3,"column":31},"end":{"line":12,"column":null}},"line":3}},"branchMap":{},"s":{"0":1,"1":1},"f":{"0":1},"b":{},"meta":{"lastBranch":0,"lastFunction":1,"lastStatement":2,"seen":{"s:3:25:12:Infinity":0,"f:3:25:3:31":0,"s:4:2:10:Infinity":1}}}
,"D:\\BackUp\\programing projects\\GlassRadar\\frontend\\src\\pages\\profile\\index.tsx": {"path":"D:\\BackUp\\programing projects\\GlassRadar\\frontend\\src\\pages\\profile\\index.tsx","statementMap":{"0":{"start":{"line":8,"column":37},"end":{"line":82,"column":null}},"1":{"start":{"line":9,"column":55},"end":{"line":9,"column":null}},"2":{"start":{"line":10,"column":26},"end":{"line":10,"column":null}},"3":{"start":{"line":12,"column":39},"end":{"line":19,"column":null}},"4":{"start":{"line":21,"column":4},"end":{"line":31,"column":null}},"5":{"start":{"line":22,"column":8},"end":{"line":30,"column":null}},"6":{"start":{"line":23,"column":12},"end":{"line":29,"column":null}},"7":{"start":{"line":26,"column":16},"end":{"line":28,"column":null}},"8":{"start":{"line":27,"column":20},"end":{"line":27,"column":null}},"9":{"start":{"line":33,"column":4},"end":{"line":39,"column":null}},"10":{"start":{"line":34,"column":8},"end":{"line":37,"column":null}},"11":{"start":{"line":41,"column":4},"end":{"line":80,"column":null}}},"fnMap":{"0":{"name":"(anonymous_0)","decl":{"start":{"line":8,"column":37},"end":{"line":8,"column":43}},"loc":{"start":{"line":8,"column":43},"end":{"line":82,"column":null}},"line":8},"1":{"name":"(anonymous_1)","decl":{"start":{"line":21,"column":14},"end":{"line":21,"column":20}},"loc":{"start":{"line":21,"column":20},"end":{"line":31,"column":7}},"line":21},"2":{"name":"(anonymous_2)","decl":{"start":{"line":25,"column":20},"end":{"line":25,"column":21}},"loc":{"start":{"line":25,"column":39},"end":{"line":29,"column":13}},"line":25}},"branchMap":{"0":{"loc":{"start":{"line":14,"column":12},"end":{"line":14,"column":null}},"type":"binary-expr","locations":[{"start":{"line":14,"column":12},"end":{"line":14,"column":21}},{"start":{"line":14,"column":21},"end":{"line":14,"column":null}}],"line":14},"1":{"loc":{"start":{"line":22,"column":8},"end":{"line":30,"column":null}},"type":"if","locations":[{"start":{"line":22,"column":8},"end":{"line":30,"column":null}},{"start":{},"end":{}}],"line":22},"2":{"loc":{"start":{"line":26,"column":16},"end":{"line":28,"column":null}},"type":"if","locations":[{"start":{"line":26,"column":16},"end":{"line":28,"column":null}},{"start":{},"end":{}}],"line":26},"3":{"loc":{"start":{"line":33,"column":4},"end":{"line":39,"column":null}},"type":"if","locations":[{"start":{"line":33,"column":4},"end":{"line":39,"column":null}},{"start":{},"end":{}}],"line":33},"4":{"loc":{"start":{"line":33,"column":8},"end":{"line":33,"column":53}},"type":"binary-expr","locations":[{"start":{"line":33,"column":8},"end":{"line":33,"column":28}},{"start":{"line":33,"column":28},"end":{"line":33,"column":44}},{"start":{"line":33,"column":44},"end":{"line":33,"column":53}}],"line":33}},"s":{"0":1,"1":2,"2":2,"3":2,"4":2,"5":2,"6":2,"7":2,"8":2,"9":2,"10":1,"11":1},"f":{"0":2,"1":2,"2":2},"b":{"0":[2,1],"1":[2,0],"2":[2,0],"3":[1,1],"4":[2,2,2]},"meta":{"lastBranch":5,"lastFunction":3,"lastStatement":12,"seen":{"s:8:37:82:Infinity":0,"f:8:37:8:43":0,"s:9:55:9:Infinity":1,"s:10:26:10:Infinity":2,"s:12:39:19:Infinity":3,"b:14:12:14:21:14:21:14:Infinity":0,"s:21:4:31:Infinity":4,"f:21:14:21:20":1,"b:22:8:30:Infinity:undefined:undefined:undefined:undefined":1,"s:22:8:30:Infinity":5,"s:23:12:29:Infinity":6,"f:25:20:25:21":2,"b:26:16:28:Infinity:undefined:undefined:undefined:undefined":2,"s:26:16:28:Infinity":7,"s:27:20:27:Infinity":8,"b:33:4:39:Infinity:undefined:undefined:undefined:undefined":3,"s:33:4:39:Infinity":9,"b:33:8:33:28:33:28:33:44:33:44:33:53":4,"s:34:8:37:Infinity":10,"s:41:4:80:Infinity":11}}}
,"D:\\BackUp\\programing projects\\GlassRadar\\frontend\\src\\pages\\users\\create.tsx": {"path":"D:\\BackUp\\programing projects\\GlassRadar\\frontend\\src\\pages\\users\\create.tsx","statementMap":{"0":{"start":{"line":6,"column":36},"end":{"line":114,"column":null}},"1":{"start":{"line":7,"column":49},"end":{"line":7,"column":null}},"2":{"start":{"line":9,"column":25},"end":{"line":22,"column":null}},"3":{"start":{"line":11,"column":46},"end":{"line":11,"column":null}},"4":{"start":{"line":12,"column":14},"end":{"line":12,"column":null}},"5":{"start":{"line":14,"column":8},"end":{"line":21,"column":null}},"6":{"start":{"line":15,"column":12},"end":{"line":18,"column":null}},"7":{"start":{"line":20,"column":12},"end":{"line":20,"column":null}},"8":{"start":{"line":24,"column":4},"end":{"line":112,"column":null}},"9":{"start":{"line":25,"column":70},"end":{"line":25,"column":95}},"10":{"start":{"line":69,"column":48},"end":{"line":76,"column":null}},"11":{"start":{"line":71,"column":32},"end":{"line":73,"column":null}},"12":{"start":{"line":72,"column":36},"end":{"line":72,"column":null}},"13":{"start":{"line":74,"column":32},"end":{"line":74,"column":null}}},"fnMap":{"0":{"name":"(anonymous_0)","decl":{"start":{"line":6,"column":36},"end":{"line":6,"column":42}},"loc":{"start":{"line":6,"column":42},"end":{"line":114,"column":null}},"line":6},"1":{"name":"(anonymous_1)","decl":{"start":{"line":9,"column":25},"end":{"line":9,"column":32}},"loc":{"start":{"line":9,"column":48},"end":{"line":22,"column":null}},"line":9},"2":{"name":"(anonymous_2)","decl":{"start":{"line":25,"column":64},"end":{"line":25,"column":70}},"loc":{"start":{"line":25,"column":70},"end":{"line":25,"column":95}},"line":25},"3":{"name":"(anonymous_3)","decl":{"start":{"line":69,"column":24},"end":{"line":69,"column":25}},"loc":{"start":{"line":69,"column":48},"end":{"line":76,"column":null}},"line":69},"4":{"name":"(anonymous_4)","decl":{"start":{"line":70,"column":28},"end":{"line":70,"column":38}},"loc":{"start":{"line":70,"column":48},"end":{"line":75,"column":null}},"line":70}},"branchMap":{"0":{"loc":{"start":{"line":71,"column":32},"end":{"line":73,"column":null}},"type":"if","locations":[{"start":{"line":71,"column":32},"end":{"line":73,"column":null}},{"start":{},"end":{}}],"line":71},"1":{"loc":{"start":{"line":71,"column":36},"end":{"line":71,"column":83}},"type":"binary-expr","locations":[{"start":{"line":71,"column":36},"end":{"line":71,"column":46}},{"start":{"line":71,"column":46},"end":{"line":71,"column":83}}],"line":71}},"s":{"0":1,"1":2,"2":2,"3":0,"4":0,"5":0,"6":0,"7":0,"8":2,"9":0,"10":0,"11":0,"12":0,"13":0},"f":{"0":2,"1":0,"2":0,"3":0,"4":0},"b":{"0":[0,0],"1":[0,0]},"meta":{"lastBranch":2,"lastFunction":5,"lastStatement":14,"seen":{"s:6:36:114:Infinity":0,"f:6:36:6:42":0,"s:7:49:7:Infinity":1,"s:9:25:22:Infinity":2,"f:9:25:9:32":1,"s:11:46:11:Infinity":3,"s:12:14:12:Infinity":4,"s:14:8:21:Infinity":5,"s:15:12:18:Infinity":6,"s:20:12:20:Infinity":7,"s:24:4:112:Infinity":8,"f:25:64:25:70":2,"s:25:70:25:95":9,"f:69:24:69:25":3,"s:69:48:76:Infinity":10,"f:70:28:70:38":4,"b:71:32:73:Infinity:undefined:undefined:undefined:undefined":0,"s:71:32:73:Infinity":11,"b:71:36:71:46:71:46:71:83":1,"s:72:36:72:Infinity":12,"s:74:32:74:Infinity":13}}}
,"D:\\BackUp\\programing projects\\GlassRadar\\frontend\\src\\pages\\users\\edit.tsx": {"path":"D:\\BackUp\\programing projects\\GlassRadar\\frontend\\src\\pages\\users\\edit.tsx","statementMap":{"0":{"start":{"line":5,"column":34},"end":{"line":103,"column":null}},"1":{"start":{"line":6,"column":56},"end":{"line":6,"column":null}},"2":{"start":{"line":8,"column":25},"end":{"line":19,"column":null}},"3":{"start":{"line":10,"column":46},"end":{"line":10,"column":null}},"4":{"start":{"line":12,"column":8},"end":{"line":18,"column":null}},"5":{"start":{"line":13,"column":12},"end":{"line":15,"column":null}},"6":{"start":{"line":17,"column":12},"end":{"line":17,"column":null}},"7":{"start":{"line":21,"column":4},"end":{"line":101,"column":null}},"8":{"start":{"line":22,"column":68},"end":{"line":22,"column":93}},"9":{"start":{"line":58,"column":48},"end":{"line":65,"column":null}},"10":{"start":{"line":60,"column":32},"end":{"line":62,"column":null}},"11":{"start":{"line":61,"column":36},"end":{"line":61,"column":null}},"12":{"start":{"line":63,"column":32},"end":{"line":63,"column":null}}},"fnMap":{"0":{"name":"(anonymous_0)","decl":{"start":{"line":5,"column":34},"end":{"line":5,"column":40}},"loc":{"start":{"line":5,"column":40},"end":{"line":103,"column":null}},"line":5},"1":{"name":"(anonymous_1)","decl":{"start":{"line":8,"column":25},"end":{"line":8,"column":32}},"loc":{"start":{"line":8,"column":48},"end":{"line":19,"column":null}},"line":8},"2":{"name":"(anonymous_2)","decl":{"start":{"line":22,"column":62},"end":{"line":22,"column":68}},"loc":{"start":{"line":22,"column":68},"end":{"line":22,"column":93}},"line":22},"3":{"name":"(anonymous_3)","decl":{"start":{"line":58,"column":24},"end":{"line":58,"column":25}},"loc":{"start":{"line":58,"column":48},"end":{"line":65,"column":null}},"line":58},"4":{"name":"(anonymous_4)","decl":{"start":{"line":59,"column":28},"end":{"line":59,"column":38}},"loc":{"start":{"line":59,"column":48},"end":{"line":64,"column":null}},"line":59}},"branchMap":{"0":{"loc":{"start":{"line":60,"column":32},"end":{"line":62,"column":null}},"type":"if","locations":[{"start":{"line":60,"column":32},"end":{"line":62,"column":null}},{"start":{},"end":{}}],"line":60},"1":{"loc":{"start":{"line":60,"column":36},"end":{"line":60,"column":83}},"type":"binary-expr","locations":[{"start":{"line":60,"column":36},"end":{"line":60,"column":46}},{"start":{"line":60,"column":46},"end":{"line":60,"column":83}}],"line":60}},"s":{"0":1,"1":2,"2":2,"3":0,"4":0,"5":0,"6":0,"7":2,"8":0,"9":2,"10":0,"11":0,"12":0},"f":{"0":2,"1":0,"2":0,"3":2,"4":0},"b":{"0":[0,0],"1":[0,0]},"meta":{"lastBranch":2,"lastFunction":5,"lastStatement":13,"seen":{"s:5:34:103:Infinity":0,"f:5:34:5:40":0,"s:6:56:6:Infinity":1,"s:8:25:19:Infinity":2,"f:8:25:8:32":1,"s:10:46:10:Infinity":3,"s:12:8:18:Infinity":4,"s:13:12:15:Infinity":5,"s:17:12:17:Infinity":6,"s:21:4:101:Infinity":7,"f:22:62:22:68":2,"s:22:68:22:93":8,"f:58:24:58:25":3,"s:58:48:65:Infinity":9,"f:59:28:59:38":4,"b:60:32:62:Infinity:undefined:undefined:undefined:undefined":0,"s:60:32:62:Infinity":10,"b:60:36:60:46:60:46:60:83":1,"s:61:36:61:Infinity":11,"s:63:32:63:Infinity":12}}}
,"D:\\BackUp\\programing projects\\GlassRadar\\frontend\\src\\pages\\users\\list.tsx": {"path":"D:\\BackUp\\programing projects\\GlassRadar\\frontend\\src\\pages\\users\\list.tsx","statementMap":{"0":{"start":{"line":13,"column":34},"end":{"line":67,"column":null}},"1":{"start":{"line":14,"column":23},"end":{"line":16,"column":null}},"2":{"start":{"line":18,"column":4},"end":{"line":65,"column":null}},"3":{"start":{"line":20,"column":55},"end":{"line":20,"column":null}},"4":{"start":{"line":25,"column":47},"end":{"line":25,"column":null}},"5":{"start":{"line":31,"column":24},"end":{"line":33,"column":null}},"6":{"start":{"line":41,"column":35},"end":{"line":41,"column":null}},"7":{"start":{"line":43,"column":24},"end":{"line":60,"column":null}}},"fnMap":{"0":{"name":"(anonymous_0)","decl":{"start":{"line":13,"column":34},"end":{"line":13,"column":40}},"loc":{"start":{"line":13,"column":40},"end":{"line":67,"column":null}},"line":13},"1":{"name":"(anonymous_1)","decl":{"start":{"line":20,"column":43},"end":{"line":20,"column":44}},"loc":{"start":{"line":20,"column":55},"end":{"line":20,"column":null}},"line":20},"2":{"name":"(anonymous_2)","decl":{"start":{"line":25,"column":28},"end":{"line":25,"column":29}},"loc":{"start":{"line":25,"column":47},"end":{"line":25,"column":null}},"line":25},"3":{"name":"(anonymous_3)","decl":{"start":{"line":30,"column":28},"end":{"line":30,"column":29}},"loc":{"start":{"line":31,"column":24},"end":{"line":33,"column":null}},"line":31},"4":{"name":"(anonymous_4)","decl":{"start":{"line":40,"column":28},"end":{"line":40,"column":29}},"loc":{"start":{"line":40,"column":48},"end":{"line":62,"column":null}},"line":40}},"branchMap":{"0":{"loc":{"start":{"line":20,"column":55},"end":{"line":20,"column":null}},"type":"binary-expr","locations":[{"start":{"line":20,"column":55},"end":{"line":20,"column":68}},{"start":{"line":20,"column":68},"end":{"line":20,"column":null}}],"line":20},"1":{"loc":{"start":{"line":31,"column":36},"end":{"line":31,"column":null}},"type":"binary-expr","locations":[{"start":{"line":31,"column":36},"end":{"line":31,"column":58}},{"start":{"line":31,"column":58},"end":{"line":31,"column":null}}],"line":31},"2":{"loc":{"start":{"line":32,"column":29},"end":{"line":32,"column":null}},"type":"cond-expr","locations":[{"start":{"line":32,"column":37},"end":{"line":32,"column":59}},{"start":{"line":32,"column":59},"end":{"line":32,"column":null}}],"line":32},"3":{"loc":{"start":{"line":41,"column":35},"end":{"line":41,"column":null}},"type":"binary-expr","locations":[{"start":{"line":41,"column":35},"end":{"line":41,"column":48}},{"start":{"line":41,"column":48},"end":{"line":41,"column":null}}],"line":41}},"s":{"0":1,"1":1,"2":1,"3":6,"4":1,"5":1,"6":1,"7":1},"f":{"0":1,"1":6,"2":1,"3":1,"4":1},"b":{"0":[6,6],"1":[1,0],"2":[1,0],"3":[1,1]},"meta":{"lastBranch":4,"lastFunction":5,"lastStatement":8,"seen":{"s:13:34:67:Infinity":0,"f:13:34:13:40":0,"s:14:23:16:Infinity":1,"s:18:4:65:Infinity":2,"f:20:43:20:44":1,"s:20:55:20:Infinity":3,"b:20:55:20:68:20:68:20:Infinity":0,"f:25:28:25:29":2,"s:25:47:25:Infinity":4,"f:30:28:30:29":3,"s:31:24:33:Infinity":5,"b:31:36:31:58:31:58:31:Infinity":1,"b:32:37:32:59:32:59:32:Infinity":2,"f:40:28:40:29":4,"s:41:35:41:Infinity":6,"b:41:35:41:48:41:48:41:Infinity":3,"s:43:24:60:Infinity":7}}}
,"D:\\BackUp\\programing projects\\GlassRadar\\frontend\\src\\providers\\constants.ts": {"path":"D:\\BackUp\\programing projects\\GlassRadar\\frontend\\src\\providers\\constants.ts","statementMap":{"0":{"start":{"line":1,"column":51},"end":{"line":10,"column":null}}},"fnMap":{},"branchMap":{},"s":{"0":3},"f":{},"b":{},"meta":{"lastBranch":0,"lastFunction":0,"lastStatement":1,"seen":{"s:1:51:10:Infinity":0}}}
,"D:\\BackUp\\programing projects\\GlassRadar\\frontend\\src\\test\\utils.tsx": {"path":"D:\\BackUp\\programing projects\\GlassRadar\\frontend\\src\\test\\utils.tsx","statementMap":{"0":{"start":{"line":5,"column":62},"end":{"line":17,"column":null}},"1":{"start":{"line":6,"column":4},"end":{"line":15,"column":null}}},"fnMap":{"0":{"name":"(anonymous_0)","decl":{"start":{"line":5,"column":62},"end":{"line":5,"column":63}},"loc":{"start":{"line":5,"column":80},"end":{"line":17,"column":null}},"line":5}},"branchMap":{},"s":{"0":6,"1":6},"f":{"0":6},"b":{},"meta":{"lastBranch":0,"lastFunction":1,"lastStatement":2,"seen":{"s:5:62:17:Infinity":0,"f:5:62:5:63":0,"s:6:4:15:Infinity":1}}}
}
